<?xml version="1.0" encoding="UTF-8"?>
<!-- Generated by org.testng.reporters.JUnitReportReporter -->
<testsuite hostname="LAPTOP-HID1OCBH" failures="0" tests="3" name="com.banking.testcases.TestCases" time="64.165" errors="0" timestamp="2022-07-20T13:41:21 IST" skipped="0">
  <testcase classname="com.banking.testcases.TestCases" name="login" time="26.799"/>
  <system-out/>
  <testcase classname="com.banking.testcases.TestCases" name="newcustomer" time="24.521"/>
  <system-out/>
  <testcase classname="com.banking.testcases.TestCases" name="addaccount" time="12.845"/>
  <system-out/>
</testsuite> <!-- com.banking.testcases.TestCases -->
